Information: Updating design information... (UID-85)
 
****************************************
Report : timing
        -path full
        -delay max
        -nworst 5
        -input_pins
        -nets
        -max_paths 5
Design : camera_reset_clk
Version: W-2024.09-SP4
Date   : Sun Jun 28 06:27:44 2026
****************************************

Operating Conditions: PVT_0P7V_25C   Library: asap7sc7p5t_AO_RVT_TT_nldm_211120
Wire Load Model Mode: top

  Startpoint: crst (input port clocked by vclk)
  Endpoint: camera_reset
            (output port clocked by vclk)
  Path Group: vclk
  Path Type: max

  Point                        Fanout      Incr       Path
  -----------------------------------------------------------
  clock vclk (rise edge)                 0.0000     0.0000
  clock network delay (ideal)            0.0000     0.0000
  input external delay                 100.0000   100.0000 f
  crst (in)                              0.5791   100.5791 f
  crst (net)                     1       0.0000   100.5791 f
  U1/A (INVxp33_ASAP7_75t_R)             0.0000   100.5791 f
  U1/Y (INVxp33_ASAP7_75t_R)             5.1214   105.7005 r
  camera_reset (net)             1       0.0000   105.7005 r
  camera_reset (out)                     0.0000   105.7005 r
  data arrival time                               105.7005

  clock vclk (rise edge)               1000.0000  1000.0000
  clock network delay (ideal)            0.0000   1000.0000
  output external delay                -100.0000  900.0000
  data required time                              900.0000
  -----------------------------------------------------------
  data required time                              900.0000
  data arrival time                               -105.7005
  -----------------------------------------------------------
  slack (MET)                                     794.2994


  Startpoint: crst (input port clocked by vclk)
  Endpoint: camera_reset
            (output port clocked by vclk)
  Path Group: vclk
  Path Type: max

  Point                        Fanout      Incr       Path
  -----------------------------------------------------------
  clock vclk (rise edge)                 0.0000     0.0000
  clock network delay (ideal)            0.0000     0.0000
  input external delay                 100.0000   100.0000 r
  crst (in)                              0.6560   100.6560 r
  crst (net)                     1       0.0000   100.6560 r
  U1/A (INVxp33_ASAP7_75t_R)             0.0000   100.6560 r
  U1/Y (INVxp33_ASAP7_75t_R)             4.6036   105.2596 f
  camera_reset (net)             1       0.0000   105.2596 f
  camera_reset (out)                     0.0000   105.2596 f
  data arrival time                               105.2596

  clock vclk (rise edge)               1000.0000  1000.0000
  clock network delay (ideal)            0.0000   1000.0000
  output external delay                -100.0000  900.0000
  data required time                              900.0000
  -----------------------------------------------------------
  data required time                              900.0000
  data arrival time                               -105.2596
  -----------------------------------------------------------
  slack (MET)                                     794.7404


  Startpoint: clk (input port clocked by vclk)
  Endpoint: xclk (output port clocked by vclk)
  Path Group: vclk
  Path Type: max

  Point                        Fanout      Incr       Path
  -----------------------------------------------------------
  clock vclk (rise edge)                 0.0000     0.0000
  clock network delay (ideal)            0.0000     0.0000
  input external delay                 100.0000   100.0000 r
  clk (in)                               0.0000   100.0000 r
  xclk (net)                     1       0.0000   100.0000 r
  xclk (out)                             0.0000   100.0000 r
  data arrival time                               100.0000

  clock vclk (rise edge)               1000.0000  1000.0000
  clock network delay (ideal)            0.0000   1000.0000
  output external delay                -100.0000  900.0000
  data required time                              900.0000
  -----------------------------------------------------------
  data required time                              900.0000
  data arrival time                               -100.0000
  -----------------------------------------------------------
  slack (MET)                                     800.0000


  Startpoint: clk (input port clocked by vclk)
  Endpoint: xclk (output port clocked by vclk)
  Path Group: vclk
  Path Type: max

  Point                        Fanout      Incr       Path
  -----------------------------------------------------------
  clock vclk (rise edge)                 0.0000     0.0000
  clock network delay (ideal)            0.0000     0.0000
  input external delay                 100.0000   100.0000 f
  clk (in)                               0.0000   100.0000 f
  xclk (net)                     1       0.0000   100.0000 f
  xclk (out)                             0.0000   100.0000 f
  data arrival time                               100.0000

  clock vclk (rise edge)               1000.0000  1000.0000
  clock network delay (ideal)            0.0000   1000.0000
  output external delay                -100.0000  900.0000
  data required time                              900.0000
  -----------------------------------------------------------
  data required time                              900.0000
  data arrival time                               -100.0000
  -----------------------------------------------------------
  slack (MET)                                     800.0000


1
