 
****************************************
Report : power
        -hier
        -analysis_effort low
Design : read_write_controller
Version: W-2024.09-SP4
Date   : Sun Jun 28 06:25:53 2026
****************************************


Library(s) Used:

    asap7sc7p5t_AO_RVT_TT_nldm_211120 (File: /home/min/a/das169/das169/asap7/db/asap7sc7p5t_AO_RVT_TT_nldm_211120.db)
    asap7sc7p5t_SIMPLE_RVT_TT_nldm_211120 (File: /home/min/a/das169/das169/asap7/db/asap7sc7p5t_SIMPLE_RVT_TT_nldm_211120.db)
    asap7sc7p5t_OA_RVT_TT_nldm_211120 (File: /home/min/a/das169/das169/asap7/db/asap7sc7p5t_OA_RVT_TT_nldm_211120.db)
    asap7sc7p5t_INVBUF_RVT_TT_nldm_211120 (File: /home/min/a/das169/das169/asap7/db/asap7sc7p5t_INVBUF_RVT_TT_nldm_220122.db)
    asap7sc7p5t_SEQ_RVT_TT_nldm_220123 (File: /home/min/a/das169/das169/asap7/db/asap7sc7p5t_SEQ_RVT_TT_nldm_220123.db)


Operating Conditions: PVT_0P7V_25C   Library: asap7sc7p5t_AO_RVT_TT_nldm_211120
Wire Load Model Mode: top


Global Operating Voltage = 0.7  
Power-specific unit information :
    Voltage Units = 1V
    Capacitance Units = 1.000000ff
    Time Units = 1ps
    Dynamic Power Units = 1mW    (derived from V,C,T units)
    Leakage Power Units = 1pW


--------------------------------------------------------------------------------
                                       Switch   Int      Leak     Total
Hierarchy                              Power    Power    Power    Power    %
--------------------------------------------------------------------------------
read_write_controller                  6.46e-04 6.92e-03 2.53e+03 7.57e-03 100.0
1
