 
****************************************
Report : qor
Design : read_write_controller
Version: W-2024.09-SP4
Date   : Sun Jul 12 13:42:31 2026
****************************************


  Timing Path Group 'clk'
  -----------------------------------
  Levels of Logic:               1.00
  Critical Path Length:         18.35
  Critical Path Slack:         731.65
  Critical Path Clk Period:   1000.00
  Total Negative Slack:          0.00
  No. of Violating Paths:        0.00
  Worst Hold Violation:          0.00
  Total Hold Violation:          0.00
  No. of Hold Violations:        0.00
  -----------------------------------


  Cell Count
  -----------------------------------
  Hierarchical Cell Count:          0
  Hierarchical Port Count:          0
  Leaf Cell Count:                 30
  Buf/Inv Cell Count:               7
  Buf Cell Count:                   0
  Inv Cell Count:                   7
  CT Buf/Inv Cell Count:            0
  Combinational Cell Count:        25
  Sequential Cell Count:            5
  Macro Count:                      0
  -----------------------------------


  Area
  -----------------------------------
  Combinational Area:        1.603800
  Noncombinational Area:     1.895400
  Buf/Inv Area:              0.306180
  Total Buffer Area:             0.00
  Total Inverter Area:           0.31
  Macro/Black Box Area:      0.000000
  Net Area:                  0.000000
  -----------------------------------
  Cell Area:                 3.499200
  Design Area:               3.499200


  Design Rules
  -----------------------------------
  Total Number of Nets:            37
  Nets With Violations:             0
  Max Trans Violations:             0
  Max Cap Violations:               0
  -----------------------------------


  Hostname: ececomp3.ecn.purdue.edu

  Compile CPU Statistics
  -----------------------------------------
  Resource Sharing:                    0.02
  Logic Optimization:                  0.08
  Mapping Optimization:                0.60
  -----------------------------------------
  Overall Compile Time:              100.28
  Overall Compile Wall Clock Time:   105.75

  --------------------------------------------------------------------

  Design  WNS: 0.00  TNS: 0.00  Number of Violating Paths: 0


  Design (Hold)  WNS: 0.00  TNS: 0.00  Number of Violating Paths: 0

  --------------------------------------------------------------------


1
