 
****************************************
check_design summary:
Version:     W-2024.09-SP4
Date:        Sun Jun 28 06:24:11 2026
****************************************

                   Name                                            Total
--------------------------------------------------------------------------------
Inputs/Outputs                                                      1
    Unconnected ports (LINT-28)                                     1

Cells                                                               8
    Cells do not drive (LINT-1)                                     8
--------------------------------------------------------------------------------

Warning: In design 'sobel_stoch', cell 'C1423' does not drive any nets. (LINT-1)
Warning: In design 'sobel_stoch', cell 'C1427' does not drive any nets. (LINT-1)
Warning: In design 'sobel_stoch', cell 'C1431' does not drive any nets. (LINT-1)
Warning: In design 'sobel_stoch', cell 'B_7' does not drive any nets. (LINT-1)
Warning: In design 'sobel_stoch', cell 'C1463' does not drive any nets. (LINT-1)
Warning: In design 'sobel_stoch', cell 'C1466' does not drive any nets. (LINT-1)
Warning: In design 'sobel_stoch', cell 'C1476' does not drive any nets. (LINT-1)
Warning: In design 'sobel_stoch', cell 'C1479' does not drive any nets. (LINT-1)
Warning: In design 'sobel_stoch', port 'frame_done' is not connected to any nets. (LINT-28)
1
