 
****************************************
Report : reference
Design : sobel_stoch
Version: W-2024.09-SP4
Date   : Sun Jun 28 06:25:58 2026
****************************************

Attributes:
    b - black box (unknown)
   bo - allows boundary optimization
    d - dont_touch
   mo - map_only
    h - hierarchical
    n - noncombinational
    r - removable
    s - synthetic operator
    u - contains unmapped logic

Reference          Library       Unit Area   Count    Total Area   Attributes
-----------------------------------------------------------------------------
A2O1A1Ixp33_ASAP7_75t_R
                   asap7sc7p5t_AO_RVT_TT_nldm_211120
                                  0.087480      15      1.312200  
AND2x2_ASAP7_75t_R asap7sc7p5t_SIMPLE_RVT_TT_nldm_211120
                                  0.087480      20      1.749600  
AND3x1_ASAP7_75t_R asap7sc7p5t_SIMPLE_RVT_TT_nldm_211120
                                  0.087480       2      0.174960  
AND4x1_ASAP7_75t_R asap7sc7p5t_SIMPLE_RVT_TT_nldm_211120
                                  0.102060       2      0.204120  
AO21x1_ASAP7_75t_R asap7sc7p5t_AO_RVT_TT_nldm_211120
                                  0.087480      40      3.499200  
AOI21xp33_ASAP7_75t_R
                   asap7sc7p5t_AO_RVT_TT_nldm_211120
                                  0.072900      19      1.385100  
AOI22xp33_ASAP7_75t_R
                   asap7sc7p5t_AO_RVT_TT_nldm_211120
                                  0.087480      61      5.336280  
AOI31xp33_ASAP7_75t_R
                   asap7sc7p5t_AO_RVT_TT_nldm_211120
                                  0.087480       3      0.262440  
AOI32xp33_ASAP7_75t_R
                   asap7sc7p5t_AO_RVT_TT_nldm_211120
                                  0.102060       4      0.408240  
AOI211xp5_ASAP7_75t_R
                   asap7sc7p5t_AO_RVT_TT_nldm_211120
                                  0.087480       3      0.262440  
AOI322xp5_ASAP7_75t_R
                   asap7sc7p5t_AO_RVT_TT_nldm_211120
                                  0.131220       1      0.131220  
AOI332xp33_ASAP7_75t_R
                   asap7sc7p5t_AO_RVT_TT_nldm_211120
                                  0.145800       4      0.583200  
DFFASRHQNx1_ASAP7_75t_R
                   asap7sc7p5t_SEQ_RVT_TT_nldm_220123
                                  0.379080       3      1.137240  n
DFFHQNx1_ASAP7_75t_R
                   asap7sc7p5t_SEQ_RVT_TT_nldm_220123
                                  0.291600     107     31.201199  n
FAx1_ASAP7_75t_R   asap7sc7p5t_SIMPLE_RVT_TT_nldm_211120
                                  0.204120      55     11.226600  r
INVx1_ASAP7_75t_R  asap7sc7p5t_INVBUF_RVT_TT_nldm_211120
                                  0.043740      18      0.787320  
INVx2_ASAP7_75t_R  asap7sc7p5t_INVBUF_RVT_TT_nldm_211120
                                  0.058320       3      0.174960  
INVxp33_ASAP7_75t_R
                   asap7sc7p5t_INVBUF_RVT_TT_nldm_211120
                                  0.043740     160      6.998400  
INVxp67_ASAP7_75t_R
                   asap7sc7p5t_INVBUF_RVT_TT_nldm_211120
                                  0.043740       9      0.393660  
NAND2x1p5_ASAP7_75t_R
                   asap7sc7p5t_SIMPLE_RVT_TT_nldm_211120
                                  0.116640       6      0.699840  
NAND2xp5_ASAP7_75t_R
                   asap7sc7p5t_SIMPLE_RVT_TT_nldm_211120
                                  0.058320      11      0.641520  
NAND2xp33_ASAP7_75t_R
                   asap7sc7p5t_SIMPLE_RVT_TT_nldm_211120
                                  0.058320     117      6.823440  
NAND3xp33_ASAP7_75t_R
                   asap7sc7p5t_SIMPLE_RVT_TT_nldm_211120
                                  0.072900       4      0.291600  
NAND4xp25_ASAP7_75t_R
                   asap7sc7p5t_SIMPLE_RVT_TT_nldm_211120
                                  0.087480       6      0.524880  
NOR2x1_ASAP7_75t_R asap7sc7p5t_SIMPLE_RVT_TT_nldm_211120
                                  0.087480       6      0.524880  
NOR2x1p5_ASAP7_75t_R
                   asap7sc7p5t_SIMPLE_RVT_TT_nldm_211120
                                  0.116640       2      0.233280  
NOR2xp33_ASAP7_75t_R
                   asap7sc7p5t_SIMPLE_RVT_TT_nldm_211120
                                  0.058320      73      4.257360  
NOR3xp33_ASAP7_75t_R
                   asap7sc7p5t_SIMPLE_RVT_TT_nldm_211120
                                  0.072900       5      0.364500  
NOR4xp25_ASAP7_75t_R
                   asap7sc7p5t_SIMPLE_RVT_TT_nldm_211120
                                  0.087480      11      0.962280  
O2A1O1Ixp33_ASAP7_75t_R
                   asap7sc7p5t_OA_RVT_TT_nldm_211120
                                  0.087480       1      0.087480  
OAI21xp33_ASAP7_75t_R
                   asap7sc7p5t_OA_RVT_TT_nldm_211120
                                  0.072900      43      3.134700  
OAI31xp33_ASAP7_75t_R
                   asap7sc7p5t_OA_RVT_TT_nldm_211120
                                  0.087480       2      0.174960  
OAI32xp33_ASAP7_75t_R
                   asap7sc7p5t_OA_RVT_TT_nldm_211120
                                  0.102060       2      0.204120  
OAI211xp5_ASAP7_75t_R
                   asap7sc7p5t_OA_RVT_TT_nldm_211120
                                  0.087480       9      0.787320  
OAI311xp33_ASAP7_75t_R
                   asap7sc7p5t_OA_RVT_TT_nldm_211120
                                  0.102060       1      0.102060  
OR2x2_ASAP7_75t_R  asap7sc7p5t_SIMPLE_RVT_TT_nldm_211120
                                  0.087480       9      0.787320  
OR3x1_ASAP7_75t_R  asap7sc7p5t_SIMPLE_RVT_TT_nldm_211120
                                  0.087480       1      0.087480  
OR4x1_ASAP7_75t_R  asap7sc7p5t_SIMPLE_RVT_TT_nldm_211120
                                  0.102060       3      0.306180  
TIEHIx1_ASAP7_75t_R
                   asap7sc7p5t_SIMPLE_RVT_TT_nldm_211120
                                  0.043740       1      0.043740  
TIELOx1_ASAP7_75t_R
                   asap7sc7p5t_SIMPLE_RVT_TT_nldm_211120
                                  0.043740       1      0.043740  
XNOR2xp5_ASAP7_75t_R
                   asap7sc7p5t_SIMPLE_RVT_TT_nldm_211120
                                  0.131220      19      2.493180  
XOR2xp5_ASAP7_75t_R
                   asap7sc7p5t_SIMPLE_RVT_TT_nldm_211120
                                  0.131220      70      9.185400  
-----------------------------------------------------------------------------
Total 42 references                                    99.989639
1
