 
****************************************
Report : area
Design : sobel_stoch
Version: W-2024.09-SP4
Date   : Sun Jun 28 06:25:57 2026
****************************************

Library(s) Used:

    asap7sc7p5t_AO_RVT_TT_nldm_211120 (File: /home/min/a/das169/das169/asap7/db/asap7sc7p5t_AO_RVT_TT_nldm_211120.db)
    asap7sc7p5t_SIMPLE_RVT_TT_nldm_211120 (File: /home/min/a/das169/das169/asap7/db/asap7sc7p5t_SIMPLE_RVT_TT_nldm_211120.db)
    asap7sc7p5t_OA_RVT_TT_nldm_211120 (File: /home/min/a/das169/das169/asap7/db/asap7sc7p5t_OA_RVT_TT_nldm_211120.db)
    asap7sc7p5t_INVBUF_RVT_TT_nldm_211120 (File: /home/min/a/das169/das169/asap7/db/asap7sc7p5t_INVBUF_RVT_TT_nldm_220122.db)
    asap7sc7p5t_SEQ_RVT_TT_nldm_220123 (File: /home/min/a/das169/das169/asap7/db/asap7sc7p5t_SEQ_RVT_TT_nldm_220123.db)

Number of ports:                           38
Number of nets:                           994
Number of cells:                          932
Number of combinational cells:            822
Number of sequential cells:               110
Number of macros/black boxes:               0
Number of buf/inv:                        190
Number of references:                      42

Combinational area:                 67.651200
Buf/Inv area:                        8.354340
Noncombinational area:              32.338439
Macro/Black Box area:                0.000000
Net Interconnect area:      undefined  (No wire load specified)

Total cell area:                    99.989639
Total area:                 undefined
1
