 
****************************************
Report : reference
Design : address_mux
Version: W-2024.09-SP4
Date   : Sun Jul 12 13:38:49 2026
****************************************

Attributes:
    b - black box (unknown)
   bo - allows boundary optimization
    d - dont_touch
   mo - map_only
    h - hierarchical
    n - noncombinational
    r - removable
    s - synthetic operator
    u - contains unmapped logic

Reference          Library       Unit Area   Count    Total Area   Attributes
-----------------------------------------------------------------------------
AO22x1_ASAP7_75t_R asap7sc7p5t_AO_RVT_TT_nldm_211120
                                  0.131220      17      2.230740  
HB1xp67_ASAP7_75t_R
                   asap7sc7p5t_INVBUF_RVT_TT_nldm_211120
                                  0.058320       1      0.058320  
INVx1_ASAP7_75t_R  asap7sc7p5t_INVBUF_RVT_TT_nldm_211120
                                  0.043740       1      0.043740  
-----------------------------------------------------------------------------
Total 3 references                                      2.332800
1
