 
****************************************
Report : area
Design : vga_display
Version: W-2024.09-SP4
Date   : Sun Jul 12 13:42:32 2026
****************************************

Library(s) Used:

    asap7sc7p5t_OA_RVT_TT_nldm_211120 (File: /home/min/a/das169/das169/asap7/db/asap7sc7p5t_OA_RVT_TT_nldm_211120.db)
    asap7sc7p5t_AO_RVT_TT_nldm_211120 (File: /home/min/a/das169/das169/asap7/db/asap7sc7p5t_AO_RVT_TT_nldm_211120.db)
    asap7sc7p5t_SIMPLE_RVT_TT_nldm_211120 (File: /home/min/a/das169/das169/asap7/db/asap7sc7p5t_SIMPLE_RVT_TT_nldm_211120.db)
    asap7sc7p5t_INVBUF_RVT_TT_nldm_211120 (File: /home/min/a/das169/das169/asap7/db/asap7sc7p5t_INVBUF_RVT_TT_nldm_220122.db)
    asap7sc7p5t_SEQ_RVT_TT_nldm_220123 (File: /home/min/a/das169/das169/asap7/db/asap7sc7p5t_SEQ_RVT_TT_nldm_220123.db)

Number of ports:                           64
Number of nets:                           163
Number of cells:                          147
Number of combinational cells:            125
Number of sequential cells:                22
Number of macros/black boxes:               0
Number of buf/inv:                         34
Number of references:                      30

Combinational area:                  9.826920
Buf/Inv area:                        1.501740
Noncombinational area:               8.164800
Macro/Black Box area:                0.000000
Net Interconnect area:      undefined  (No wire load specified)

Total cell area:                    17.991720
Total area:                 undefined

Hierarchical area distribution
------------------------------

                                  Global cell area          Local cell area
                                  ------------------  --------------------------- 
Hierarchical cell                 Absolute   Percent  Combi-    Noncombi-  Black-
                                  Total      Total    national  national   boxes   Design
--------------------------------  ---------  -------  --------  ---------  ------  ---------
vga_display                         17.9917    100.0    9.8269     8.1648  0.0000  vga_display
--------------------------------  ---------  -------  --------  ---------  ------  ---------
Total                                                   9.8269     8.1648  0.0000

1
