 
****************************************
Report : reference
Design : capture
Version: W-2024.09-SP4
Date   : Sun Jun 28 06:24:06 2026
****************************************

Attributes:
    b - black box (unknown)
   bo - allows boundary optimization
    d - dont_touch
   mo - map_only
    h - hierarchical
    n - noncombinational
    r - removable
    s - synthetic operator
    u - contains unmapped logic

Reference          Library       Unit Area   Count    Total Area   Attributes
-----------------------------------------------------------------------------
A2O1A1Ixp33_ASAP7_75t_R
                   asap7sc7p5t_AO_RVT_TT_nldm_211120
                                  0.087480       6      0.524880  
AND2x2_ASAP7_75t_R asap7sc7p5t_SIMPLE_RVT_TT_nldm_211120
                                  0.087480       1      0.087480  
AND3x1_ASAP7_75t_R asap7sc7p5t_SIMPLE_RVT_TT_nldm_211120
                                  0.087480       1      0.087480  
AND4x1_ASAP7_75t_R asap7sc7p5t_SIMPLE_RVT_TT_nldm_211120
                                  0.102060       1      0.102060  
AO22x1_ASAP7_75t_R asap7sc7p5t_AO_RVT_TT_nldm_211120
                                  0.131220       8      1.049760  
AO32x1_ASAP7_75t_R asap7sc7p5t_AO_RVT_TT_nldm_211120
                                  0.116640       1      0.116640  
AOI21xp33_ASAP7_75t_R
                   asap7sc7p5t_AO_RVT_TT_nldm_211120
                                  0.072900       3      0.218700  
AOI22xp33_ASAP7_75t_R
                   asap7sc7p5t_AO_RVT_TT_nldm_211120
                                  0.087480       3      0.262440  
AOI31xp33_ASAP7_75t_R
                   asap7sc7p5t_AO_RVT_TT_nldm_211120
                                  0.087480       2      0.174960  
AOI32xp33_ASAP7_75t_R
                   asap7sc7p5t_AO_RVT_TT_nldm_211120
                                  0.102060       2      0.204120  
AOI221xp5_ASAP7_75t_R
                   asap7sc7p5t_AO_RVT_TT_nldm_211120
                                  0.102060       1      0.102060  
DFFASRHQNx1_ASAP7_75t_R
                   asap7sc7p5t_SEQ_RVT_TT_nldm_220123
                                  0.379080      48     18.195840  n
DFFHQNx1_ASAP7_75t_R
                   asap7sc7p5t_SEQ_RVT_TT_nldm_220123
                                  0.291600       1      0.291600  n
INVx1_ASAP7_75t_R  asap7sc7p5t_INVBUF_RVT_TT_nldm_211120
                                  0.043740       1      0.043740  
INVxp33_ASAP7_75t_R
                   asap7sc7p5t_INVBUF_RVT_TT_nldm_211120
                                  0.043740      59      2.580660  
NAND2xp33_ASAP7_75t_R
                   asap7sc7p5t_SIMPLE_RVT_TT_nldm_211120
                                  0.058320      19      1.108080  
NAND3xp33_ASAP7_75t_R
                   asap7sc7p5t_SIMPLE_RVT_TT_nldm_211120
                                  0.072900      11      0.801900  
NAND4xp25_ASAP7_75t_R
                   asap7sc7p5t_SIMPLE_RVT_TT_nldm_211120
                                  0.087480       4      0.349920  
NOR2xp33_ASAP7_75t_R
                   asap7sc7p5t_SIMPLE_RVT_TT_nldm_211120
                                  0.058320      12      0.699840  
NOR3xp33_ASAP7_75t_R
                   asap7sc7p5t_SIMPLE_RVT_TT_nldm_211120
                                  0.072900       4      0.291600  
NOR4xp25_ASAP7_75t_R
                   asap7sc7p5t_SIMPLE_RVT_TT_nldm_211120
                                  0.087480       3      0.262440  
O2A1O1Ixp33_ASAP7_75t_R
                   asap7sc7p5t_OA_RVT_TT_nldm_211120
                                  0.087480       3      0.262440  
OAI21xp33_ASAP7_75t_R
                   asap7sc7p5t_OA_RVT_TT_nldm_211120
                                  0.072900       6      0.437400  
OAI31xp33_ASAP7_75t_R
                   asap7sc7p5t_OA_RVT_TT_nldm_211120
                                  0.087480      14      1.224720  
OAI32xp33_ASAP7_75t_R
                   asap7sc7p5t_OA_RVT_TT_nldm_211120
                                  0.102060       8      0.816480  
OR2x2_ASAP7_75t_R  asap7sc7p5t_SIMPLE_RVT_TT_nldm_211120
                                  0.087480       1      0.087480  
TIEHIx1_ASAP7_75t_R
                   asap7sc7p5t_SIMPLE_RVT_TT_nldm_211120
                                  0.043740       1      0.043740  
-----------------------------------------------------------------------------
Total 27 references                                    30.428460
1
