 
****************************************
Report : reference
Design : camera_reset_clk
Version: W-2024.09-SP4
Date   : Sun Jun 28 06:24:07 2026
****************************************

Attributes:
    b - black box (unknown)
   bo - allows boundary optimization
    d - dont_touch
   mo - map_only
    h - hierarchical
    n - noncombinational
    r - removable
    s - synthetic operator
    u - contains unmapped logic

Reference          Library       Unit Area   Count    Total Area   Attributes
-----------------------------------------------------------------------------
INVxp33_ASAP7_75t_R
                   asap7sc7p5t_INVBUF_RVT_TT_nldm_211120
                                  0.043740       1      0.043740  
-----------------------------------------------------------------------------
Total 1 references                                      0.043740
1
