 
****************************************
Report : area
Design : capture
Version: W-2024.09-SP4
Date   : Sun Jul 12 13:40:40 2026
****************************************

Library(s) Used:

    asap7sc7p5t_OA_RVT_TT_nldm_211120 (File: /home/min/a/das169/das169/asap7/db/asap7sc7p5t_OA_RVT_TT_nldm_211120.db)
    asap7sc7p5t_INVBUF_RVT_TT_nldm_211120 (File: /home/min/a/das169/das169/asap7/db/asap7sc7p5t_INVBUF_RVT_TT_nldm_220122.db)
    asap7sc7p5t_AO_RVT_TT_nldm_211120 (File: /home/min/a/das169/das169/asap7/db/asap7sc7p5t_AO_RVT_TT_nldm_211120.db)
    asap7sc7p5t_SIMPLE_RVT_TT_nldm_211120 (File: /home/min/a/das169/das169/asap7/db/asap7sc7p5t_SIMPLE_RVT_TT_nldm_211120.db)
    asap7sc7p5t_SEQ_RVT_TT_nldm_220123 (File: /home/min/a/das169/das169/asap7/db/asap7sc7p5t_SEQ_RVT_TT_nldm_220123.db)

Number of ports:                           61
Number of nets:                           237
Number of cells:                          224
Number of combinational cells:            175
Number of sequential cells:                49
Number of macros/black boxes:               0
Number of buf/inv:                         60
Number of references:                      27

Combinational area:                 11.941020
Buf/Inv area:                        2.624400
Noncombinational area:              18.487440
Macro/Black Box area:                0.000000
Net Interconnect area:      undefined  (No wire load specified)

Total cell area:                    30.428460
Total area:                 undefined
1
