 
****************************************
Report : clock_gating
Design : sobel
Version: W-2024.09-SP4
Date   : Sun Jul 12 13:38:51 2026
****************************************

Information: Identification of clock-gating cells has not been performed. Pre-existing clock-gating cells will not be reported. (PWR-947)


                             Clock Gating Summary
          ------------------------------------------------------------
          |    Number of Clock gating elements    |        0         |
          |                                       |                  |
          |    Number of Gated registers          |     0 (0.00%)    |
          |                                       |                  |
          |    Number of Ungated registers        |   154 (100.00%)  |
          |                                       |                  |
          |    Total number of registers          |      154         |
          ------------------------------------------------------------



                             Clock Gating Report by Origin
          +-------------------------------------------------+------------------+
          |                                                 |    Actual (%)    |
          |                                                 |    Count         |
          +-------------------------------------------------+------------------+
          |  Number of tool-inserted clock gating elements  |     0 (0.00%)    |
          |                                                 |                  |
          |  Number of pre-existing clock gating elements   |     0 (0.00%)    |
          |                                                 |                  |
          |  Number of gated registers                      |     0 (0.00%)    |
          |                                                 |                  |
          |  Number of tool-inserted gated registers        |     0 (0.00%)    |
          |                                                 |                  |
          |  Number of pre-existing gated registers         |     0 (0.00%)    |
          |                                                 |                  |
          |  Number of ungated registers                    |   154 (100.00%)  |
          |                                                 |                  |
          |  Number of registers                            |      154         |
          +-------------------------------------------------+------------------+



1
