 
****************************************
Report : qor
Design : sobel
Version: W-2024.09-SP4
Date   : Sun Jul 12 13:38:51 2026
****************************************


  Timing Path Group 'clk'
  -----------------------------------
  Levels of Logic:              43.00
  Critical Path Length:        953.31
  Critical Path Slack:           0.18
  Critical Path Clk Period:   1000.00
  Total Negative Slack:          0.00
  No. of Violating Paths:        0.00
  Worst Hold Violation:          0.00
  Total Hold Violation:          0.00
  No. of Hold Violations:        0.00
  -----------------------------------

  Timing Path Group 'clk_100mhz'
  -----------------------------------
  Levels of Logic:              43.00
  Critical Path Length:        939.34
  Critical Path Slack:           0.49
  Critical Path Clk Period:   1000.00
  Total Negative Slack:          0.00
  No. of Violating Paths:        0.00
  Worst Hold Violation:          0.00
  Total Hold Violation:          0.00
  No. of Hold Violations:        0.00
  -----------------------------------


  Cell Count
  -----------------------------------
  Hierarchical Cell Count:          0
  Hierarchical Port Count:          0
  Leaf Cell Count:               1206
  Buf/Inv Cell Count:             241
  Buf Cell Count:                   1
  Inv Cell Count:                 240
  CT Buf/Inv Cell Count:            0
  Combinational Cell Count:      1052
  Sequential Cell Count:          154
  Macro Count:                      0
  -----------------------------------


  Area
  -----------------------------------
  Combinational Area:       90.148140
  Noncombinational Area:    45.168838
  Buf/Inv Area:             10.672560
  Total Buffer Area:             0.06
  Total Inverter Area:          10.61
  Macro/Black Box Area:      0.000000
  Net Area:                  0.000000
  -----------------------------------
  Cell Area:               135.316978
  Design Area:             135.316978


  Design Rules
  -----------------------------------
  Total Number of Nets:          1325
  Nets With Violations:             0
  Max Trans Violations:             0
  Max Cap Violations:               0
  -----------------------------------


  Hostname: ececomp3.ecn.purdue.edu

  Compile CPU Statistics
  -----------------------------------------
  Resource Sharing:                    0.54
  Logic Optimization:                  1.35
  Mapping Optimization:                1.48
  -----------------------------------------
  Overall Compile Time:              104.07
  Overall Compile Wall Clock Time:   110.44

  --------------------------------------------------------------------

  Design  WNS: 0.00  TNS: 0.00  Number of Violating Paths: 0


  Design (Hold)  WNS: 0.00  TNS: 0.00  Number of Violating Paths: 0

  --------------------------------------------------------------------


1
