 
****************************************
Report : qor
Design : capture_starter
Version: W-2024.09-SP4
Date   : Sun Jun 28 06:29:27 2026
****************************************


  Timing Path Group 'vsync'
  -----------------------------------
  Levels of Logic:               1.00
  Critical Path Length:         63.07
  Critical Path Slack:         786.93
  Critical Path Clk Period:   1000.00
  Total Negative Slack:          0.00
  No. of Violating Paths:        0.00
  Worst Hold Violation:          0.00
  Total Hold Violation:          0.00
  No. of Hold Violations:        0.00
  -----------------------------------


  Cell Count
  -----------------------------------
  Hierarchical Cell Count:          0
  Hierarchical Port Count:          0
  Leaf Cell Count:                  3
  Buf/Inv Cell Count:               2
  Buf Cell Count:                   0
  Inv Cell Count:                   2
  CT Buf/Inv Cell Count:            0
  Combinational Cell Count:         2
  Sequential Cell Count:            1
  Macro Count:                      0
  -----------------------------------


  Area
  -----------------------------------
  Combinational Area:        0.087480
  Noncombinational Area:     0.291600
  Buf/Inv Area:              0.087480
  Total Buffer Area:             0.00
  Total Inverter Area:           0.09
  Macro/Black Box Area:      0.000000
  Net Area:                  0.000000
  -----------------------------------
  Cell Area:                 0.379080
  Design Area:               0.379080


  Design Rules
  -----------------------------------
  Total Number of Nets:             5
  Nets With Violations:             0
  Max Trans Violations:             0
  Max Cap Violations:               0
  -----------------------------------


  Hostname: ececomp2.ecn.purdue.edu

  Compile CPU Statistics
  -----------------------------------------
  Resource Sharing:                    0.00
  Logic Optimization:                  0.09
  Mapping Optimization:               48.15
  -----------------------------------------
  Overall Compile Time:              100.12
  Overall Compile Wall Clock Time:   103.89

  --------------------------------------------------------------------

  Design  WNS: 0.00  TNS: 0.00  Number of Violating Paths: 0


  Design (Hold)  WNS: 0.00  TNS: 0.00  Number of Violating Paths: 0

  --------------------------------------------------------------------


1
