 
****************************************
Report : area
Design : camera_reset_clk
Version: W-2024.09-SP4
Date   : Sun Jun 28 06:24:07 2026
****************************************

Library(s) Used:

    asap7sc7p5t_INVBUF_RVT_TT_nldm_211120 (File: /home/min/a/das169/das169/asap7/db/asap7sc7p5t_INVBUF_RVT_TT_nldm_220122.db)

Number of ports:                            5
Number of nets:                             3
Number of cells:                            1
Number of combinational cells:              1
Number of sequential cells:                 0
Number of macros/black boxes:               0
Number of buf/inv:                          1
Number of references:                       1

Combinational area:                  0.043740
Buf/Inv area:                        0.043740
Noncombinational area:               0.000000
Macro/Black Box area:                0.000000
Net Interconnect area:      undefined  (No wire load specified)

Total cell area:                     0.043740
Total area:                 undefined

Hierarchical area distribution
------------------------------

                                  Global cell area          Local cell area
                                  ------------------  --------------------------- 
Hierarchical cell                 Absolute   Percent  Combi-    Noncombi-  Black-
                                  Total      Total    national  national   boxes   Design
--------------------------------  ---------  -------  --------  ---------  ------  ---------
camera_reset_clk                     0.0437    100.0    0.0437     0.0000  0.0000  camera_reset_clk
--------------------------------  ---------  -------  --------  ---------  ------  ---------
Total                                                   0.0437     0.0000  0.0000

1
