 
****************************************
Report : qor
Design : address_mux
Version: W-2024.09-SP4
Date   : Sun Jun 28 06:24:06 2026
****************************************


  Timing Path Group 'vclk'
  -----------------------------------
  Levels of Logic:               3.00
  Critical Path Length:        102.12
  Critical Path Slack:         697.88
  Critical Path Clk Period:   1000.00
  Total Negative Slack:          0.00
  No. of Violating Paths:        0.00
  Worst Hold Violation:          0.00
  Total Hold Violation:          0.00
  No. of Hold Violations:        0.00
  -----------------------------------


  Cell Count
  -----------------------------------
  Hierarchical Cell Count:          0
  Hierarchical Port Count:          0
  Leaf Cell Count:                 19
  Buf/Inv Cell Count:               2
  Buf Cell Count:                   1
  Inv Cell Count:                   1
  CT Buf/Inv Cell Count:            0
  Combinational Cell Count:        19
  Sequential Cell Count:            0
  Macro Count:                      0
  -----------------------------------


  Area
  -----------------------------------
  Combinational Area:        2.332800
  Noncombinational Area:     0.000000
  Buf/Inv Area:              0.102060
  Total Buffer Area:             0.06
  Total Inverter Area:           0.04
  Macro/Black Box Area:      0.000000
  Net Area:                  0.000000
  -----------------------------------
  Cell Area:                 2.332800
  Design Area:               2.332800


  Design Rules
  -----------------------------------
  Total Number of Nets:            54
  Nets With Violations:             0
  Max Trans Violations:             0
  Max Cap Violations:               0
  -----------------------------------


  Hostname: ececomp2.ecn.purdue.edu

  Compile CPU Statistics
  -----------------------------------------
  Resource Sharing:                    0.01
  Logic Optimization:                  0.08
  Mapping Optimization:                0.58
  -----------------------------------------
  Overall Compile Time:               99.91
  Overall Compile Wall Clock Time:   103.20

  --------------------------------------------------------------------

  Design  WNS: 0.00  TNS: 0.00  Number of Violating Paths: 0


  Design (Hold)  WNS: 0.00  TNS: 0.00  Number of Violating Paths: 0

  --------------------------------------------------------------------


1
