 
****************************************
Report : power
        -analysis_effort low
Design : prewitt
Version: W-2024.09-SP4
Date   : Sun Jul 12 13:42:35 2026
****************************************


Library(s) Used:

    asap7sc7p5t_AO_RVT_TT_nldm_211120 (File: /home/min/a/das169/das169/asap7/db/asap7sc7p5t_AO_RVT_TT_nldm_211120.db)
    asap7sc7p5t_INVBUF_RVT_TT_nldm_211120 (File: /home/min/a/das169/das169/asap7/db/asap7sc7p5t_INVBUF_RVT_TT_nldm_220122.db)
    asap7sc7p5t_SIMPLE_RVT_TT_nldm_211120 (File: /home/min/a/das169/das169/asap7/db/asap7sc7p5t_SIMPLE_RVT_TT_nldm_211120.db)
    asap7sc7p5t_OA_RVT_TT_nldm_211120 (File: /home/min/a/das169/das169/asap7/db/asap7sc7p5t_OA_RVT_TT_nldm_211120.db)
    asap7sc7p5t_SEQ_RVT_TT_nldm_220123 (File: /home/min/a/das169/das169/asap7/db/asap7sc7p5t_SEQ_RVT_TT_nldm_220123.db)


Operating Conditions: PVT_0P7V_25C   Library: asap7sc7p5t_AO_RVT_TT_nldm_211120
Wire Load Model Mode: top


Global Operating Voltage = 0.7  
Power-specific unit information :
    Voltage Units = 1V
    Capacitance Units = 1.000000ff
    Time Units = 1ps
    Dynamic Power Units = 1mW    (derived from V,C,T units)
    Leakage Power Units = 1pW


Attributes
----------
i - Including register clock pin internal power


  Cell Internal Power  = 189.3248 uW   (91%)
  Net Switching Power  =  19.7591 uW    (9%)
                         ---------
Total Dynamic Power    = 209.0839 uW  (100%)

Cell Leakage Power     = 112.1943 nW


                 Internal         Switching           Leakage            Total
Power Group      Power            Power               Power              Power   (   %    )  Attrs
--------------------------------------------------------------------------------------------------
io_pad             0.0000            0.0000            0.0000            0.0000  (   0.00%)
memory             0.0000            0.0000            0.0000            0.0000  (   0.00%)
black_box          0.0000            0.0000            0.0000            0.0000  (   0.00%)
clock_network      0.1824        1.3256e-02        8.6974e+03            0.1957  (  93.54%)  i
register       4.1478e-03        1.1845e-03        3.3357e+04        5.3656e-03  (   2.56%)
sequential         0.0000            0.0000            0.0000            0.0000  (   0.00%)
combinational  2.7528e-03        5.3186e-03        7.0139e+04        8.1415e-03  (   3.89%)
--------------------------------------------------------------------------------------------------
Total              0.1893 mW     1.9759e-02 mW     1.1219e+05 pW         0.2092 mW
1
