 
****************************************
Report : power
        -analysis_effort low
Design : sobel
Version: W-2024.09-SP4
Date   : Sun Jul 12 13:38:51 2026
****************************************


Library(s) Used:

    asap7sc7p5t_AO_RVT_TT_nldm_211120 (File: /home/min/a/das169/das169/asap7/db/asap7sc7p5t_AO_RVT_TT_nldm_211120.db)
    asap7sc7p5t_INVBUF_RVT_TT_nldm_211120 (File: /home/min/a/das169/das169/asap7/db/asap7sc7p5t_INVBUF_RVT_TT_nldm_220122.db)
    asap7sc7p5t_SIMPLE_RVT_TT_nldm_211120 (File: /home/min/a/das169/das169/asap7/db/asap7sc7p5t_SIMPLE_RVT_TT_nldm_211120.db)
    asap7sc7p5t_OA_RVT_TT_nldm_211120 (File: /home/min/a/das169/das169/asap7/db/asap7sc7p5t_OA_RVT_TT_nldm_211120.db)
    asap7sc7p5t_SEQ_RVT_TT_nldm_220123 (File: /home/min/a/das169/das169/asap7/db/asap7sc7p5t_SEQ_RVT_TT_nldm_220123.db)


Operating Conditions: PVT_0P7V_25C   Library: asap7sc7p5t_AO_RVT_TT_nldm_211120
Wire Load Model Mode: top


Global Operating Voltage = 0.7  
Power-specific unit information :
    Voltage Units = 1V
    Capacitance Units = 1.000000ff
    Time Units = 1ps
    Dynamic Power Units = 1mW    (derived from V,C,T units)
    Leakage Power Units = 1pW


Attributes
----------
i - Including register clock pin internal power


  Cell Internal Power  = 189.0014 uW   (91%)
  Net Switching Power  =  19.3711 uW    (9%)
                         ---------
Total Dynamic Power    = 208.3726 uW  (100%)

Cell Leakage Power     = 108.8365 nW


                 Internal         Switching           Leakage            Total
Power Group      Power            Power               Power              Power   (   %    )  Attrs
--------------------------------------------------------------------------------------------------
io_pad             0.0000            0.0000            0.0000            0.0000  (   0.00%)
memory             0.0000            0.0000            0.0000            0.0000  (   0.00%)
black_box          0.0000            0.0000            0.0000            0.0000  (   0.00%)
clock_network      0.1824        1.3256e-02        8.6974e+03            0.1957  (  93.86%)  i
register       4.1475e-03        1.1613e-03        3.3357e+04        5.3423e-03  (   2.56%)
sequential         0.0000            0.0000            0.0000            0.0000  (   0.00%)
combinational  2.4297e-03        4.9537e-03        6.6781e+04        7.4502e-03  (   3.57%)
--------------------------------------------------------------------------------------------------
Total              0.1890 mW     1.9371e-02 mW     1.0884e+05 pW         0.2085 mW
1
