 
****************************************
Report : area
Design : address_mux
Version: W-2024.09-SP4
Date   : Sun Jun 28 06:24:05 2026
****************************************

Library(s) Used:

    asap7sc7p5t_AO_RVT_TT_nldm_211120 (File: /home/min/a/das169/das169/asap7/db/asap7sc7p5t_AO_RVT_TT_nldm_211120.db)
    asap7sc7p5t_INVBUF_RVT_TT_nldm_211120 (File: /home/min/a/das169/das169/asap7/db/asap7sc7p5t_INVBUF_RVT_TT_nldm_220122.db)

Number of ports:                           52
Number of nets:                            54
Number of cells:                           19
Number of combinational cells:             19
Number of sequential cells:                 0
Number of macros/black boxes:               0
Number of buf/inv:                          2
Number of references:                       3

Combinational area:                  2.332800
Buf/Inv area:                        0.102060
Noncombinational area:               0.000000
Macro/Black Box area:                0.000000
Net Interconnect area:      undefined  (No wire load specified)

Total cell area:                     2.332800
Total area:                 undefined

Hierarchical area distribution
------------------------------

                                  Global cell area          Local cell area
                                  ------------------  --------------------------- 
Hierarchical cell                 Absolute   Percent  Combi-    Noncombi-  Black-
                                  Total      Total    national  national   boxes   Design
--------------------------------  ---------  -------  --------  ---------  ------  ---------
address_mux                          2.3328    100.0    2.3328     0.0000  0.0000  address_mux
--------------------------------  ---------  -------  --------  ---------  ------  ---------
Total                                                   2.3328     0.0000  0.0000

1
