 
****************************************
Report : qor
Design : sobel_stoch
Version: W-2024.09-SP4
Date   : Sun Jun 28 06:31:20 2026
****************************************


  Timing Path Group 'clk'
  -----------------------------------
  Levels of Logic:              45.00
  Critical Path Length:        955.98
  Critical Path Slack:           0.43
  Critical Path Clk Period:   1000.00
  Total Negative Slack:          0.00
  No. of Violating Paths:        0.00
  Worst Hold Violation:          0.00
  Total Hold Violation:          0.00
  No. of Hold Violations:        0.00
  -----------------------------------

  Timing Path Group 'clk_100mhz'
  -----------------------------------
  Levels of Logic:              43.00
  Critical Path Length:        939.54
  Critical Path Slack:           0.30
  Critical Path Clk Period:   1000.00
  Total Negative Slack:          0.00
  No. of Violating Paths:        0.00
  Worst Hold Violation:          0.00
  Total Hold Violation:          0.00
  No. of Hold Violations:        0.00
  -----------------------------------


  Cell Count
  -----------------------------------
  Hierarchical Cell Count:          0
  Hierarchical Port Count:          0
  Leaf Cell Count:                980
  Buf/Inv Cell Count:             202
  Buf Cell Count:                   1
  Inv Cell Count:                 201
  CT Buf/Inv Cell Count:            0
  Combinational Cell Count:       858
  Sequential Cell Count:          122
  Macro Count:                      0
  -----------------------------------


  Area
  -----------------------------------
  Combinational Area:       70.567200
  Noncombinational Area:    35.837639
  Buf/Inv Area:              9.025020
  Total Buffer Area:             0.06
  Total Inverter Area:           8.97
  Macro/Black Box Area:      0.000000
  Net Area:                  0.000000
  -----------------------------------
  Cell Area:               106.404838
  Design Area:             106.404838


  Design Rules
  -----------------------------------
  Total Number of Nets:          1045
  Nets With Violations:             0
  Max Trans Violations:             0
  Max Cap Violations:               0
  -----------------------------------


  Hostname: ececomp2.ecn.purdue.edu

  Compile CPU Statistics
  -----------------------------------------
  Resource Sharing:                    0.39
  Logic Optimization:                  1.34
  Mapping Optimization:                1.38
  -----------------------------------------
  Overall Compile Time:              104.94
  Overall Compile Wall Clock Time:   107.18

  --------------------------------------------------------------------

  Design  WNS: 0.00  TNS: 0.00  Number of Violating Paths: 0


  Design (Hold)  WNS: 0.00  TNS: 0.00  Number of Violating Paths: 0

  --------------------------------------------------------------------


1
