 
****************************************
Report : power
        -analysis_effort low
Design : sobel_stoch
Version: W-2024.09-SP4
Date   : Sun Jun 28 06:31:20 2026
****************************************


Library(s) Used:

    asap7sc7p5t_AO_RVT_TT_nldm_211120 (File: /home/min/a/das169/das169/asap7/db/asap7sc7p5t_AO_RVT_TT_nldm_211120.db)
    asap7sc7p5t_SIMPLE_RVT_TT_nldm_211120 (File: /home/min/a/das169/das169/asap7/db/asap7sc7p5t_SIMPLE_RVT_TT_nldm_211120.db)
    asap7sc7p5t_OA_RVT_TT_nldm_211120 (File: /home/min/a/das169/das169/asap7/db/asap7sc7p5t_OA_RVT_TT_nldm_211120.db)
    asap7sc7p5t_INVBUF_RVT_TT_nldm_211120 (File: /home/min/a/das169/das169/asap7/db/asap7sc7p5t_INVBUF_RVT_TT_nldm_220122.db)
    asap7sc7p5t_SEQ_RVT_TT_nldm_220123 (File: /home/min/a/das169/das169/asap7/db/asap7sc7p5t_SEQ_RVT_TT_nldm_220123.db)


Operating Conditions: PVT_0P7V_25C   Library: asap7sc7p5t_AO_RVT_TT_nldm_211120
Wire Load Model Mode: top


Global Operating Voltage = 0.7  
Power-specific unit information :
    Voltage Units = 1V
    Capacitance Units = 1.000000ff
    Time Units = 1ps
    Dynamic Power Units = 1mW    (derived from V,C,T units)
    Leakage Power Units = 1pW


Attributes
----------
i - Including register clock pin internal power


  Cell Internal Power  = 150.7728 uW   (91%)
  Net Switching Power  =  15.0031 uW    (9%)
                         ---------
Total Dynamic Power    = 165.7759 uW  (100%)

Cell Leakage Power     =  84.1812 nW


                 Internal         Switching           Leakage            Total
Power Group      Power            Power               Power              Power   (   %    )  Attrs
--------------------------------------------------------------------------------------------------
io_pad             0.0000            0.0000            0.0000            0.0000  (   0.00%)
memory             0.0000            0.0000            0.0000            0.0000  (   0.00%)
black_box          0.0000            0.0000            0.0000            0.0000  (   0.00%)
clock_network      0.1469        1.1893e-02        6.9118e+03            0.1588  (  95.77%)  i
register       3.1159e-03        7.3936e-04        2.6244e+04        3.8815e-03  (   2.34%)
sequential         0.0000            0.0000            0.0000            0.0000  (   0.00%)
combinational  7.1947e-04        2.3709e-03        5.1025e+04        3.1414e-03  (   1.89%)
--------------------------------------------------------------------------------------------------
Total              0.1508 mW     1.5003e-02 mW     8.4180e+04 pW         0.1659 mW
1
