 
****************************************
Report : power
        -analysis_effort low
Design : vga_display
Version: W-2024.09-SP4
Date   : Sun Jul 12 13:36:59 2026
****************************************


Library(s) Used:

    asap7sc7p5t_OA_RVT_TT_nldm_211120 (File: /home/min/a/das169/das169/asap7/db/asap7sc7p5t_OA_RVT_TT_nldm_211120.db)
    asap7sc7p5t_AO_RVT_TT_nldm_211120 (File: /home/min/a/das169/das169/asap7/db/asap7sc7p5t_AO_RVT_TT_nldm_211120.db)
    asap7sc7p5t_SIMPLE_RVT_TT_nldm_211120 (File: /home/min/a/das169/das169/asap7/db/asap7sc7p5t_SIMPLE_RVT_TT_nldm_211120.db)
    asap7sc7p5t_INVBUF_RVT_TT_nldm_211120 (File: /home/min/a/das169/das169/asap7/db/asap7sc7p5t_INVBUF_RVT_TT_nldm_220122.db)
    asap7sc7p5t_SEQ_RVT_TT_nldm_220123 (File: /home/min/a/das169/das169/asap7/db/asap7sc7p5t_SEQ_RVT_TT_nldm_220123.db)


Operating Conditions: PVT_0P7V_25C   Library: asap7sc7p5t_AO_RVT_TT_nldm_211120
Wire Load Model Mode: top


Global Operating Voltage = 0.7  
Power-specific unit information :
    Voltage Units = 1V
    Capacitance Units = 1.000000ff
    Time Units = 1ps
    Dynamic Power Units = 1mW    (derived from V,C,T units)
    Leakage Power Units = 1pW


Attributes
----------
i - Including register clock pin internal power


  Cell Internal Power  =  28.7343 uW   (96%)
  Net Switching Power  =   1.0768 uW    (4%)
                         ---------
Total Dynamic Power    =  29.8111 uW  (100%)

Cell Leakage Power     =  13.5035 nW


                 Internal         Switching           Leakage            Total
Power Group      Power            Power               Power              Power   (   %    )  Attrs
--------------------------------------------------------------------------------------------------
io_pad             0.0000            0.0000            0.0000            0.0000  (   0.00%)
memory             0.0000            0.0000            0.0000            0.0000  (   0.00%)
black_box          0.0000            0.0000            0.0000            0.0000  (   0.00%)
clock_network  2.6920e-02            0.0000            0.0000        2.6920e-02  (  90.26%)  i
register       1.4086e-03        4.5284e-04        6.0737e+03        1.8675e-03  (   6.26%)
sequential         0.0000            0.0000            0.0000            0.0000  (   0.00%)
combinational  4.0608e-04        6.2396e-04        7.4290e+03        1.0375e-03  (   3.48%)
--------------------------------------------------------------------------------------------------
Total          2.8734e-02 mW     1.0768e-03 mW     1.3503e+04 pW     2.9825e-02 mW
1
