Information: Updating design information... (UID-85)
 
****************************************
Report : timing
        -path full
        -delay max
        -nworst 5
        -input_pins
        -nets
        -max_paths 5
Design : capture_starter
Version: W-2024.09-SP4
Date   : Sun Jun 28 06:29:27 2026
****************************************

Operating Conditions: PVT_0P7V_25C   Library: asap7sc7p5t_AO_RVT_TT_nldm_211120
Wire Load Model Mode: top

  Startpoint: capture_reset_reg
              (rising edge-triggered flip-flop clocked by vsync)
  Endpoint: vsync_detected
            (output port clocked by vsync)
  Path Group: vsync
  Path Type: max

  Point                                       Fanout      Incr       Path
  --------------------------------------------------------------------------
  clock vsync (rise edge)                               0.0000     0.0000
  clock network delay (ideal)                           0.0000     0.0000
  capture_reset_reg/CLK (DFFHQNx1_ASAP7_75t_R)          0.0000     0.0000 r
  capture_reset_reg/QN (DFFHQNx1_ASAP7_75t_R)          56.1226    56.1226 r
  capture_reset (net)                           2       0.0000    56.1226 r
  U4/A (INVxp33_ASAP7_75t_R)                            0.0000    56.1226 r
  U4/Y (INVxp33_ASAP7_75t_R)                            6.9469    63.0696 f
  vsync_detected (net)                          1       0.0000    63.0696 f
  vsync_detected (out)                                  0.0000    63.0696 f
  data arrival time                                               63.0696

  clock vsync (rise edge)                             1000.0000  1000.0000
  clock network delay (ideal)                           0.0000   1000.0000
  clock uncertainty                                   -50.0000   950.0000
  output external delay                               -100.0000  850.0000
  data required time                                             850.0000
  --------------------------------------------------------------------------
  data required time                                             850.0000
  data arrival time                                              -63.0696
  --------------------------------------------------------------------------
  slack (MET)                                                    786.9304


  Startpoint: capture_reset_reg
              (rising edge-triggered flip-flop clocked by vsync)
  Endpoint: vsync_detected
            (output port clocked by vsync)
  Path Group: vsync
  Path Type: max

  Point                                       Fanout      Incr       Path
  --------------------------------------------------------------------------
  clock vsync (rise edge)                               0.0000     0.0000
  clock network delay (ideal)                           0.0000     0.0000
  capture_reset_reg/CLK (DFFHQNx1_ASAP7_75t_R)          0.0000     0.0000 r
  capture_reset_reg/QN (DFFHQNx1_ASAP7_75t_R)          54.7413    54.7413 f
  capture_reset (net)                           2       0.0000    54.7413 f
  U4/A (INVxp33_ASAP7_75t_R)                            0.0000    54.7413 f
  U4/Y (INVxp33_ASAP7_75t_R)                            8.2170    62.9584 r
  vsync_detected (net)                          1       0.0000    62.9584 r
  vsync_detected (out)                                  0.0000    62.9584 r
  data arrival time                                               62.9584

  clock vsync (rise edge)                             1000.0000  1000.0000
  clock network delay (ideal)                           0.0000   1000.0000
  clock uncertainty                                   -50.0000   950.0000
  output external delay                               -100.0000  850.0000
  data required time                                             850.0000
  --------------------------------------------------------------------------
  data required time                                             850.0000
  data arrival time                                              -62.9584
  --------------------------------------------------------------------------
  slack (MET)                                                    787.0416


  Startpoint: capture_reset_reg
              (rising edge-triggered flip-flop clocked by vsync)
  Endpoint: capture_reset
            (output port clocked by vsync)
  Path Group: vsync
  Path Type: max

  Point                                       Fanout      Incr       Path
  --------------------------------------------------------------------------
  clock vsync (rise edge)                               0.0000     0.0000
  clock network delay (ideal)                           0.0000     0.0000
  capture_reset_reg/CLK (DFFHQNx1_ASAP7_75t_R)          0.0000     0.0000 r
  capture_reset_reg/QN (DFFHQNx1_ASAP7_75t_R)          56.1226    56.1226 r
  capture_reset (net)                           2       0.0000    56.1226 r
  capture_reset (out)                                   0.0000    56.1226 r
  data arrival time                                               56.1226

  clock vsync (rise edge)                             1000.0000  1000.0000
  clock network delay (ideal)                           0.0000   1000.0000
  clock uncertainty                                   -50.0000   950.0000
  output external delay                               -100.0000  850.0000
  data required time                                             850.0000
  --------------------------------------------------------------------------
  data required time                                             850.0000
  data arrival time                                              -56.1226
  --------------------------------------------------------------------------
  slack (MET)                                                    793.8774


  Startpoint: capture_reset_reg
              (rising edge-triggered flip-flop clocked by vsync)
  Endpoint: capture_reset
            (output port clocked by vsync)
  Path Group: vsync
  Path Type: max

  Point                                       Fanout      Incr       Path
  --------------------------------------------------------------------------
  clock vsync (rise edge)                               0.0000     0.0000
  clock network delay (ideal)                           0.0000     0.0000
  capture_reset_reg/CLK (DFFHQNx1_ASAP7_75t_R)          0.0000     0.0000 r
  capture_reset_reg/QN (DFFHQNx1_ASAP7_75t_R)          54.7413    54.7413 f
  capture_reset (net)                           2       0.0000    54.7413 f
  capture_reset (out)                                   0.0000    54.7413 f
  data arrival time                                               54.7413

  clock vsync (rise edge)                             1000.0000  1000.0000
  clock network delay (ideal)                           0.0000   1000.0000
  clock uncertainty                                   -50.0000   950.0000
  output external delay                               -100.0000  850.0000
  data required time                                             850.0000
  --------------------------------------------------------------------------
  data required time                                             850.0000
  data arrival time                                              -54.7413
  --------------------------------------------------------------------------
  slack (MET)                                                    795.2587


  Startpoint: reset (input port clocked by vsync)
  Endpoint: capture_reset_reg
            (rising edge-triggered flip-flop clocked by vsync)
  Path Group: vsync
  Path Type: max

  Point                                       Fanout      Incr       Path
  --------------------------------------------------------------------------
  clock vsync (rise edge)                               0.0000     0.0000
  clock network delay (ideal)                           0.0000     0.0000
  input external delay                                100.0000   100.0000 f
  reset (in)                                            0.5791   100.5791 f
  reset (net)                                   1       0.0000   100.5791 f
  U3/A (INVxp33_ASAP7_75t_R)                            0.0000   100.5791 f
  U3/Y (INVxp33_ASAP7_75t_R)                           11.8138   112.3929 r
  n1 (net)                                      1       0.0000   112.3929 r
  capture_reset_reg/D (DFFHQNx1_ASAP7_75t_R)            0.0000   112.3929 r
  data arrival time                                              112.3929

  clock vsync (rise edge)                             1000.0000  1000.0000
  clock network delay (ideal)                           0.0000   1000.0000
  clock uncertainty                                   -50.0000   950.0000
  capture_reset_reg/CLK (DFFHQNx1_ASAP7_75t_R)          0.0000   950.0000 r
  library setup time                                   -8.3569   941.6431
  data required time                                             941.6431
  --------------------------------------------------------------------------
  data required time                                             941.6431
  data arrival time                                              -112.3929
  --------------------------------------------------------------------------
  slack (MET)                                                    829.2502


1
