 
****************************************
Report : area
Design : read_write_controller
Version: W-2024.09-SP4
Date   : Sun Jul 12 13:42:31 2026
****************************************

Library(s) Used:

    asap7sc7p5t_AO_RVT_TT_nldm_211120 (File: /home/min/a/das169/das169/asap7/db/asap7sc7p5t_AO_RVT_TT_nldm_211120.db)
    asap7sc7p5t_SIMPLE_RVT_TT_nldm_211120 (File: /home/min/a/das169/das169/asap7/db/asap7sc7p5t_SIMPLE_RVT_TT_nldm_211120.db)
    asap7sc7p5t_OA_RVT_TT_nldm_211120 (File: /home/min/a/das169/das169/asap7/db/asap7sc7p5t_OA_RVT_TT_nldm_211120.db)
    asap7sc7p5t_INVBUF_RVT_TT_nldm_211120 (File: /home/min/a/das169/das169/asap7/db/asap7sc7p5t_INVBUF_RVT_TT_nldm_220122.db)
    asap7sc7p5t_SEQ_RVT_TT_nldm_220123 (File: /home/min/a/das169/das169/asap7/db/asap7sc7p5t_SEQ_RVT_TT_nldm_220123.db)

Number of ports:                           14
Number of nets:                            37
Number of cells:                           30
Number of combinational cells:             25
Number of sequential cells:                 5
Number of macros/black boxes:               0
Number of buf/inv:                          7
Number of references:                      16

Combinational area:                  1.603800
Buf/Inv area:                        0.306180
Noncombinational area:               1.895400
Macro/Black Box area:                0.000000
Net Interconnect area:      undefined  (No wire load specified)

Total cell area:                     3.499200
Total area:                 undefined

Hierarchical area distribution
------------------------------

                                  Global cell area          Local cell area
                                  ------------------  --------------------------- 
Hierarchical cell                 Absolute   Percent  Combi-    Noncombi-  Black-
                                  Total      Total    national  national   boxes   Design
--------------------------------  ---------  -------  --------  ---------  ------  ---------
read_write_controller                3.4992    100.0    1.6038     1.8954  0.0000  read_write_controller
--------------------------------  ---------  -------  --------  ---------  ------  ---------
Total                                                   1.6038     1.8954  0.0000

1
